{"/root/novabook-tax-service/src/database/entities/saleItem.entity.ts": {"path":"/root/novabook-tax-service/src/database/entities/saleItem.entity.ts","statementMap":{"0":{"start":{"line":1,"column":0},"end":{"line":1,"column":88}},"1":{"start":{"line":2,"column":0},"end":{"line":2,"column":57}},"2":{"start":{"line":5,"column":7},"end":{"line":40,"column":null}},"3":{"start":{"line":33,"column":4},"end":{"line":33,"column":17}},"4":{"start":{"line":34,"column":4},"end":{"line":34,"column":39}},"5":{"start":{"line":35,"column":4},"end":{"line":35,"column":25}},"6":{"start":{"line":36,"column":4},"end":{"line":36,"column":21}},"7":{"start":{"line":37,"column":4},"end":{"line":37,"column":27}},"8":{"start":{"line":38,"column":4},"end":{"line":38,"column":35}},"9":{"start":{"line":5,"column":13},"end":{"line":5,"column":27}},"10":{"start":{"line":7,"column":2},"end":{"line":7,"column":null}},"11":{"start":{"line":10,"column":2},"end":{"line":10,"column":null}},"12":{"start":{"line":13,"column":2},"end":{"line":13,"column":null}},"13":{"start":{"line":16,"column":2},"end":{"line":16,"column":null}},"14":{"start":{"line":19,"column":2},"end":{"line":19,"column":null}},"15":{"start":{"line":23,"column":2},"end":{"line":23,"column":null}},"16":{"start":{"line":21,"column":19},"end":{"line":21,"column":36}},"17":{"start":{"line":21,"column":55},"end":{"line":21,"column":72}},"18":{"start":{"line":5,"column":13},"end":{"line":40,"column":null}}},"fnMap":{"0":{"name":"(anonymous_2)","decl":{"start":{"line":25,"column":2},"end":{"line":25,"column":null}},"loc":{"start":{"line":31,"column":35},"end":{"line":39,"column":3}}},"1":{"name":"(anonymous_3)","decl":{"start":{"line":21,"column":13},"end":{"line":21,"column":16}},"loc":{"start":{"line":21,"column":19},"end":{"line":21,"column":36}}},"2":{"name":"(anonymous_4)","decl":{"start":{"line":21,"column":38},"end":{"line":21,"column":39}},"loc":{"start":{"line":21,"column":55},"end":{"line":21,"column":72}}}},"branchMap":{},"s":{"0":3,"1":3,"2":3,"3":0,"4":0,"5":0,"6":0,"7":0,"8":0,"9":3,"10":3,"11":3,"12":3,"13":3,"14":3,"15":3,"16":0,"17":0,"18":3},"f":{"0":0,"1":0,"2":0},"b":{}}
,"/root/novabook-tax-service/src/database/entities/transaction.entity.ts": {"path":"/root/novabook-tax-service/src/database/entities/transaction.entity.ts","statementMap":{"0":{"start":{"line":1,"column":0},"end":{"line":1,"column":76}},"1":{"start":{"line":2,"column":0},"end":{"line":2,"column":51}},"2":{"start":{"line":5,"column":7},"end":{"line":41,"column":null}},"3":{"start":{"line":34,"column":4},"end":{"line":34,"column":17}},"4":{"start":{"line":35,"column":4},"end":{"line":35,"column":31}},"5":{"start":{"line":36,"column":4},"end":{"line":36,"column":21}},"6":{"start":{"line":37,"column":4},"end":{"line":37,"column":31}},"7":{"start":{"line":38,"column":4},"end":{"line":38,"column":25}},"8":{"start":{"line":39,"column":4},"end":{"line":39,"column":23}},"9":{"start":{"line":5,"column":13},"end":{"line":5,"column":30}},"10":{"start":{"line":7,"column":2},"end":{"line":7,"column":null}},"11":{"start":{"line":10,"column":2},"end":{"line":10,"column":null}},"12":{"start":{"line":13,"column":2},"end":{"line":13,"column":null}},"13":{"start":{"line":16,"column":2},"end":{"line":16,"column":null}},"14":{"start":{"line":19,"column":2},"end":{"line":19,"column":null}},"15":{"start":{"line":24,"column":2},"end":{"line":24,"column":null}},"16":{"start":{"line":21,"column":19},"end":{"line":21,"column":33}},"17":{"start":{"line":21,"column":49},"end":{"line":21,"column":69}},"18":{"start":{"line":5,"column":13},"end":{"line":41,"column":null}}},"fnMap":{"0":{"name":"(anonymous_2)","decl":{"start":{"line":26,"column":2},"end":{"line":26,"column":null}},"loc":{"start":{"line":32,"column":28},"end":{"line":40,"column":3}}},"1":{"name":"(anonymous_3)","decl":{"start":{"line":21,"column":13},"end":{"line":21,"column":16}},"loc":{"start":{"line":21,"column":19},"end":{"line":21,"column":33}}},"2":{"name":"(anonymous_4)","decl":{"start":{"line":21,"column":35},"end":{"line":21,"column":36}},"loc":{"start":{"line":21,"column":49},"end":{"line":21,"column":69}}}},"branchMap":{},"s":{"0":3,"1":3,"2":3,"3":0,"4":0,"5":0,"6":0,"7":0,"8":0,"9":3,"10":3,"11":3,"12":3,"13":3,"14":3,"15":3,"16":0,"17":0,"18":3},"f":{"0":0,"1":0,"2":0},"b":{}}
,"/root/novabook-tax-service/src/enums/transactionEventType.enum.ts": {"path":"/root/novabook-tax-service/src/enums/transactionEventType.enum.ts","statementMap":{"0":{"start":{"line":1,"column":0},"end":{"line":1,"column":null}},"1":{"start":{"line":2,"column":2},"end":{"line":2,"column":null}},"2":{"start":{"line":3,"column":2},"end":{"line":3,"column":null}}},"fnMap":{"0":{"name":"(anonymous_0)","decl":{"start":{"line":1,"column":0},"end":{"line":1,"column":12}},"loc":{"start":{"line":1,"column":32},"end":{"line":4,"column":1}}}},"branchMap":{"0":{"loc":{"start":{"line":1,"column":12},"end":{"line":1,"column":null}},"type":"binary-expr","locations":[{"start":{"line":1,"column":12},"end":{"line":1,"column":32}},{"start":{"line":1,"column":32},"end":{"line":1,"column":null}}]}},"s":{"0":1,"1":1,"2":1},"f":{"0":1},"b":{"0":[1,1]}}
,"/root/novabook-tax-service/src/services/saleAmendment.service.ts": {"path":"/root/novabook-tax-service/src/services/saleAmendment.service.ts","statementMap":{"0":{"start":{"line":1,"column":0},"end":{"line":1,"column":44}},"1":{"start":{"line":2,"column":0},"end":{"line":2,"column":51}},"2":{"start":{"line":3,"column":0},"end":{"line":3,"column":37}},"3":{"start":{"line":4,"column":0},"end":{"line":4,"column":70}},"4":{"start":{"line":8,"column":7},"end":{"line":31,"column":null}},"5":{"start":{"line":11,"column":21},"end":{"line":11,"column":40}},"6":{"start":{"line":15,"column":23},"end":{"line":20,"column":6}},"7":{"start":{"line":22,"column":4},"end":{"line":27,"column":5}},"8":{"start":{"line":23,"column":6},"end":{"line":23,"column":66}},"9":{"start":{"line":24,"column":6},"end":{"line":24,"column":75}},"10":{"start":{"line":26,"column":6},"end":{"line":26,"column":66}},"11":{"start":{"line":29,"column":4},"end":{"line":29,"column":53}},"12":{"start":{"line":8,"column":13},"end":{"line":8,"column":33}},"13":{"start":{"line":8,"column":13},"end":{"line":31,"column":null}}},"fnMap":{"0":{"name":"(anonymous_11)","decl":{"start":{"line":9,"column":2},"end":{"line":9,"column":null}},"loc":{"start":{"line":11,"column":66},"end":{"line":12,"column":6}}},"1":{"name":"(anonymous_12)","decl":{"start":{"line":14,"column":8},"end":{"line":14,"column":23}},"loc":{"start":{"line":14,"column":50},"end":{"line":30,"column":null}}}},"branchMap":{"0":{"loc":{"start":{"line":22,"column":4},"end":{"line":27,"column":5}},"type":"if","locations":[{"start":{"line":22,"column":4},"end":{"line":27,"column":5}},{"start":{"line":25,"column":11},"end":{"line":27,"column":5}}]},"1":{"loc":{"start":{"line":23,"column":26},"end":{"line":23,"column":65}},"type":"cond-expr","locations":[{"start":{"line":23,"column":44},"end":{"line":23,"column":48}},{"start":{"line":23,"column":48},"end":{"line":23,"column":65}}]},"2":{"loc":{"start":{"line":23,"column":26},"end":{"line":23,"column":48}},"type":"binary-expr","locations":[{"start":{"line":23,"column":26},"end":{"line":23,"column":48}},{"start":{"line":23,"column":44},"end":{"line":23,"column":48}}]},"3":{"loc":{"start":{"line":24,"column":29},"end":{"line":24,"column":74}},"type":"cond-expr","locations":[{"start":{"line":24,"column":50},"end":{"line":24,"column":54}},{"start":{"line":24,"column":54},"end":{"line":24,"column":74}}]},"4":{"loc":{"start":{"line":24,"column":29},"end":{"line":24,"column":54}},"type":"binary-expr","locations":[{"start":{"line":24,"column":29},"end":{"line":24,"column":54}},{"start":{"line":24,"column":50},"end":{"line":24,"column":54}}]}},"s":{"0":1,"1":1,"2":1,"3":1,"4":1,"5":3,"6":2,"7":2,"8":1,"9":1,"10":1,"11":2,"12":1,"13":1},"f":{"0":3,"1":2},"b":{"0":[1,1],"1":[1,0],"2":[1,1],"3":[1,0],"4":[1,1]}}
,"/root/novabook-tax-service/src/services/tax.service.ts": {"path":"/root/novabook-tax-service/src/services/tax.service.ts","statementMap":{"0":{"start":{"line":1,"column":0},"end":{"line":1,"column":65}},"1":{"start":{"line":2,"column":0},"end":{"line":2,"column":51}},"2":{"start":{"line":3,"column":0},"end":{"line":3,"column":37}},"3":{"start":{"line":4,"column":0},"end":{"line":4,"column":76}},"4":{"start":{"line":7,"column":7},"end":{"line":57,"column":null}},"5":{"start":{"line":10,"column":21},"end":{"line":10,"column":38}},"6":{"start":{"line":14,"column":4},"end":{"line":16,"column":5}},"7":{"start":{"line":15,"column":6},"end":{"line":15,"column":70}},"8":{"start":{"line":18,"column":22},"end":{"line":18,"column":36}},"9":{"start":{"line":20,"column":4},"end":{"line":22,"column":5}},"10":{"start":{"line":21,"column":6},"end":{"line":21,"column":81}},"11":{"start":{"line":24,"column":25},"end":{"line":27,"column":4}},"12":{"start":{"line":29,"column":22},"end":{"line":29,"column":23}},"13":{"start":{"line":30,"column":25},"end":{"line":30,"column":26}},"14":{"start":{"line":32,"column":4},"end":{"line":48,"column":5}},"15":{"start":{"line":33,"column":24},"end":{"line":33,"column":44}},"16":{"start":{"line":35,"column":6},"end":{"line":47,"column":7}},"17":{"start":{"line":37,"column":8},"end":{"line":42,"column":9}},"18":{"start":{"line":38,"column":10},"end":{"line":41,"column":11}},"19":{"start":{"line":39,"column":24},"end":{"line":39,"column":62}},"20":{"start":{"line":40,"column":12},"end":{"line":40,"column":31}},"21":{"start":{"line":44,"column":8},"end":{"line":46,"column":9}},"22":{"start":{"line":45,"column":10},"end":{"line":45,"column":46}},"23":{"start":{"line":50,"column":24},"end":{"line":50,"column":52}},"24":{"start":{"line":52,"column":4},"end":{"line":55,"column":6}},"25":{"start":{"line":7,"column":13},"end":{"line":7,"column":31}},"26":{"start":{"line":7,"column":13},"end":{"line":57,"column":null}}},"fnMap":{"0":{"name":"(anonymous_11)","decl":{"start":{"line":8,"column":2},"end":{"line":8,"column":null}},"loc":{"start":{"line":10,"column":67},"end":{"line":11,"column":6}}},"1":{"name":"(anonymous_12)","decl":{"start":{"line":13,"column":8},"end":{"line":13,"column":22}},"loc":{"start":{"line":13,"column":35},"end":{"line":56,"column":null}}}},"branchMap":{"0":{"loc":{"start":{"line":14,"column":4},"end":{"line":16,"column":5}},"type":"if","locations":[{"start":{"line":14,"column":4},"end":{"line":16,"column":5}}]},"1":{"loc":{"start":{"line":20,"column":4},"end":{"line":22,"column":5}},"type":"if","locations":[{"start":{"line":20,"column":4},"end":{"line":22,"column":5}}]},"2":{"loc":{"start":{"line":35,"column":6},"end":{"line":47,"column":7}},"type":"if","locations":[{"start":{"line":35,"column":6},"end":{"line":47,"column":7}}]},"3":{"loc":{"start":{"line":37,"column":8},"end":{"line":42,"column":9}},"type":"if","locations":[{"start":{"line":37,"column":8},"end":{"line":42,"column":9}}]},"4":{"loc":{"start":{"line":37,"column":12},"end":{"line":37,"column":54}},"type":"binary-expr","locations":[{"start":{"line":37,"column":12},"end":{"line":37,"column":39}},{"start":{"line":37,"column":43},"end":{"line":37,"column":54}}]},"5":{"loc":{"start":{"line":39,"column":25},"end":{"line":39,"column":39}},"type":"cond-expr","locations":[{"start":{"line":39,"column":34},"end":{"line":39,"column":38}},{"start":{"line":39,"column":38},"end":{"line":39,"column":39}}]},"6":{"loc":{"start":{"line":39,"column":25},"end":{"line":39,"column":38}},"type":"binary-expr","locations":[{"start":{"line":39,"column":25},"end":{"line":39,"column":38}},{"start":{"line":39,"column":34},"end":{"line":39,"column":38}}]},"7":{"loc":{"start":{"line":39,"column":44},"end":{"line":39,"column":61}},"type":"cond-expr","locations":[{"start":{"line":39,"column":56},"end":{"line":39,"column":60}},{"start":{"line":39,"column":60},"end":{"line":39,"column":61}}]},"8":{"loc":{"start":{"line":39,"column":44},"end":{"line":39,"column":60}},"type":"binary-expr","locations":[{"start":{"line":39,"column":44},"end":{"line":39,"column":60}},{"start":{"line":39,"column":56},"end":{"line":39,"column":60}}]},"9":{"loc":{"start":{"line":44,"column":8},"end":{"line":46,"column":9}},"type":"if","locations":[{"start":{"line":44,"column":8},"end":{"line":46,"column":9}}]},"10":{"loc":{"start":{"line":45,"column":28},"end":{"line":45,"column":45}},"type":"binary-expr","locations":[{"start":{"line":45,"column":28},"end":{"line":45,"column":40}},{"start":{"line":45,"column":44},"end":{"line":45,"column":45}}]}},"s":{"0":1,"1":1,"2":1,"3":1,"4":1,"5":5,"6":7,"7":2,"8":5,"9":5,"10":2,"11":3,"12":3,"13":3,"14":3,"15":5,"16":5,"17":4,"18":2,"19":3,"20":3,"21":4,"22":2,"23":3,"24":3,"25":1,"26":1},"f":{"0":5,"1":7},"b":{"0":[2],"1":[2],"2":[4],"3":[2],"4":[4,2],"5":[3,0],"6":[3,3],"7":[3,0],"8":[3,3],"9":[2],"10":[2,0]}}
,"/root/novabook-tax-service/src/services/transaction.service.ts": {"path":"/root/novabook-tax-service/src/services/transaction.service.ts","statementMap":{"0":{"start":{"line":1,"column":0},"end":{"line":1,"column":44}},"1":{"start":{"line":2,"column":0},"end":{"line":2,"column":51}},"2":{"start":{"line":3,"column":0},"end":{"line":3,"column":37}},"3":{"start":{"line":4,"column":0},"end":{"line":4,"column":76}},"4":{"start":{"line":9,"column":7},"end":{"line":27,"column":null}},"5":{"start":{"line":12,"column":21},"end":{"line":12,"column":38}},"6":{"start":{"line":16,"column":4},"end":{"line":16,"column":39}},"7":{"start":{"line":20,"column":19},"end":{"line":22,"column":null}},"8":{"start":{"line":25,"column":4},"end":{"line":25,"column":45}},"9":{"start":{"line":9,"column":13},"end":{"line":9,"column":31}},"10":{"start":{"line":9,"column":13},"end":{"line":27,"column":null}}},"fnMap":{"0":{"name":"(anonymous_11)","decl":{"start":{"line":10,"column":2},"end":{"line":10,"column":null}},"loc":{"start":{"line":12,"column":67},"end":{"line":13,"column":7}}},"1":{"name":"(anonymous_12)","decl":{"start":{"line":15,"column":8},"end":{"line":15,"column":26}},"loc":{"start":{"line":15,"column":26},"end":{"line":17,"column":null}}},"2":{"name":"(anonymous_14)","decl":{"start":{"line":19,"column":8},"end":{"line":19,"column":25}},"loc":{"start":{"line":19,"column":53},"end":{"line":26,"column":null}}}},"branchMap":{},"s":{"0":1,"1":1,"2":1,"3":1,"4":1,"5":1,"6":0,"7":1,"8":1,"9":1,"10":1},"f":{"0":1,"1":0,"2":1},"b":{}}
}
