TN:
SF:src/database/entities/saleItem.entity.ts
FN:25,(anonymous_2)
FN:21,(anonymous_3)
FN:21,(anonymous_4)
FNF:3
FNH:0
FNDA:0,(anonymous_2)
FNDA:0,(anonymous_3)
FNDA:0,(anonymous_4)
DA:1,3
DA:2,3
DA:5,3
DA:7,3
DA:10,3
DA:13,3
DA:16,3
DA:19,3
DA:21,0
DA:23,3
DA:33,0
DA:34,0
DA:35,0
DA:36,0
DA:37,0
DA:38,0
LF:16
LH:9
BRF:0
BRH:0
end_of_record
TN:
SF:src/database/entities/transaction.entity.ts
FN:26,(anonymous_2)
FN:21,(anonymous_3)
FN:21,(anonymous_4)
FNF:3
FNH:0
FNDA:0,(anonymous_2)
FNDA:0,(anonymous_3)
FNDA:0,(anonymous_4)
DA:1,3
DA:2,3
DA:5,3
DA:7,3
DA:10,3
DA:13,3
DA:16,3
DA:19,3
DA:21,0
DA:24,3
DA:34,0
DA:35,0
DA:36,0
DA:37,0
DA:38,0
DA:39,0
LF:16
LH:9
BRF:0
BRH:0
end_of_record
TN:
SF:src/enums/transactionEventType.enum.ts
FN:1,(anonymous_0)
FNF:1
FNH:1
FNDA:1,(anonymous_0)
DA:1,1
DA:2,1
DA:3,1
LF:3
LH:3
BRDA:1,0,0,1
BRDA:1,0,1,1
BRF:2
BRH:2
end_of_record
TN:
SF:src/services/saleAmendment.service.ts
FN:9,(anonymous_11)
FN:14,(anonymous_12)
FNF:2
FNH:2
FNDA:3,(anonymous_11)
FNDA:2,(anonymous_12)
DA:1,1
DA:2,1
DA:3,1
DA:4,1
DA:8,1
DA:11,3
DA:15,2
DA:22,2
DA:23,1
DA:24,1
DA:26,1
DA:29,2
LF:12
LH:12
BRDA:22,0,0,1
BRDA:22,0,1,1
BRDA:23,1,0,1
BRDA:23,1,1,0
BRDA:23,2,0,1
BRDA:23,2,1,1
BRDA:24,3,0,1
BRDA:24,3,1,0
BRDA:24,4,0,1
BRDA:24,4,1,1
BRF:10
BRH:8
end_of_record
TN:
SF:src/services/tax.service.ts
FN:8,(anonymous_11)
FN:13,(anonymous_12)
FNF:2
FNH:2
FNDA:5,(anonymous_11)
FNDA:7,(anonymous_12)
DA:1,1
DA:2,1
DA:3,1
DA:4,1
DA:7,1
DA:10,5
DA:14,7
DA:15,2
DA:18,5
DA:20,5
DA:21,2
DA:24,3
DA:29,3
DA:30,3
DA:32,3
DA:33,5
DA:35,5
DA:37,4
DA:38,2
DA:39,3
DA:40,3
DA:44,4
DA:45,2
DA:50,3
DA:52,3
LF:25
LH:25
BRDA:14,0,0,2
BRDA:20,1,0,2
BRDA:35,2,0,4
BRDA:37,3,0,2
BRDA:37,4,0,4
BRDA:37,4,1,2
BRDA:39,5,0,3
BRDA:39,5,1,0
BRDA:39,6,0,3
BRDA:39,6,1,3
BRDA:39,7,0,3
BRDA:39,7,1,0
BRDA:39,8,0,3
BRDA:39,8,1,3
BRDA:44,9,0,2
BRDA:45,10,0,2
BRDA:45,10,1,0
BRF:17
BRH:14
end_of_record
TN:
SF:src/services/transaction.service.ts
FN:10,(anonymous_11)
FN:15,(anonymous_12)
FN:19,(anonymous_14)
FNF:3
FNH:2
FNDA:1,(anonymous_11)
FNDA:0,(anonymous_12)
FNDA:1,(anonymous_14)
DA:1,1
DA:2,1
DA:3,1
DA:4,1
DA:9,1
DA:12,1
DA:16,0
DA:20,1
DA:25,1
LF:9
LH:8
BRF:0
BRH:0
end_of_record
